<?xml version="1.0" encoding="utf-8"?><testsuites name="pytest tests"><testsuite name="pytest" errors="0" failures="0" skipped="0" tests="39" time="29.677" timestamp="2026-08-21T01:27:10.894576+06:00" hostname="agent-env-552a458d-8eae-4f85-ba6d-ee2622970247"><testcase classname="tests.test_freeze_fix" name="test_module_imports_and_compiles[bot]" time="3.378" /><testcase classname="tests.test_freeze_fix" name="test_module_imports_and_compiles[start]" time="0.002" /><testcase classname="tests.test_freeze_fix" name="test_module_imports_and_compiles[qx]" time="0.001" /><testcase classname="tests.test_freeze_fix" name="test_module_imports_and_compiles[sessions]" time="0.003" /><testcase classname="tests.test_freeze_fix" name="test_module_imports_and_compiles[messages]" time="0.001" /><testcase classname="tests.test_freeze_fix" name="test_module_imports_and_compiles[charting]" time="0.003" /><testcase classname="tests.test_freeze_fix" name="test_module_imports_and_compiles[premium_emojis]" time="0.001" /><testcase classname="tests.test_freeze_fix" name="test_module_imports_and_compiles[user_sender]" time="0.001" /><testcase classname="tests.test_freeze_fix" name="test_module_imports_and_compiles[pyquotex.api]" time="0.002" /><testcase classname="tests.test_freeze_fix" name="test_module_imports_and_compiles[pyquotex.stable_api]" time="0.004" /><testcase classname="tests.test_freeze_fix" name="test_ensure_connected_bounded_when_connect_hangs" time="4.006" /><testcase classname="tests.test_freeze_fix" name="test_ensure_connected_releases_lock_after_stall" time="8.009" /><testcase classname="tests.test_freeze_fix" name="test_concurrent_ensure_connected_not_stuck" time="8.008" /><testcase classname="tests.test_freeze_fix" name="test_stalled_check_connect_falls_through_to_reconnect" time="1.001" /><testcase classname="tests.test_freeze_fix" name="test_old_client_is_closed_exactly_once_on_reconnect" time="0.001" /><testcase classname="tests.test_freeze_fix" name="test_close_timeout_bounds_a_hanging_close" time="1.002" /><testcase classname="tests.test_freeze_fix" name="test_last_ok_updated_on_success" time="0.001" /><testcase classname="tests.test_freeze_fix" name="test_start_websocket_times_out_when_flags_never_set" time="1.003" /><testcase classname="tests.test_freeze_fix" name="test_start_websocket_source_still_handles_all_four_flag_paths" time="0.000" /><testcase classname="tests.test_freeze_fix" name="test_close_bounded_join_when_thread_stays_alive" time="1.001" /><testcase classname="tests.test_freeze_fix" name="test_close_safe_when_websocket_client_is_none" time="0.001" /><testcase classname="tests.test_freeze_fix" name="test_stable_api_connect_closes_previous_api" time="0.001" /><testcase classname="tests.test_freeze_fix" name="test_stable_api_close_when_api_is_none" time="0.000" /><testcase classname="tests.test_freeze_fix" name="test_watchdog_revives_dead_session_loop" time="0.201" /><testcase classname="tests.test_freeze_fix" name="test_watchdog_ignores_running_or_inactive_session" time="0.402" /><testcase classname="tests.test_freeze_fix" name="test_watchdog_hard_exits_on_tick_stall" time="0.302" /><testcase classname="tests.test_freeze_fix" name="test_watchdog_does_not_exit_before_ticks_started" time="0.302" /><testcase classname="tests.test_freeze_fix" name="test_watchdog_does_not_exit_on_recent_tick" time="0.201" /><testcase classname="tests.test_freeze_fix" name="test_watchdog_swallows_unexpected_exception_and_keeps_running" time="0.302" /><testcase classname="tests.test_freeze_fix" name="test_post_init_starts_watchdog_and_shutdown_cancels_it" time="0.051" /><testcase classname="tests.test_freeze_fix" name="test_start_py_installs_rotating_file_handler" time="0.001" /><testcase classname="tests.test_freeze_fix" name="test_owner_tag_default" time="0.000" /><testcase classname="tests.test_freeze_fix" name="test_signal_caption_bolds_owner_tag_plainly" time="0.000" /><testcase classname="tests.test_freeze_fix" name="test_premium_emojis_preserve_bold_and_escape_html" time="0.000" /><testcase classname="tests.test_freeze_fix" name="test_plain_html_preserves_bold_and_strips_custom_emoji" time="0.000" /><testcase classname="tests.test_freeze_fix" name="test_to_entities_strips_bold_tags_and_bold_entities_utf16_correct" time="0.001" /><testcase classname="tests.test_freeze_fix" name="test_user_sender_entities_include_bold_and_custom_emoji" time="0.000" /><testcase classname="tests.test_freeze_fix" name="test_render_chart_signal_and_result_pngs" time="0.452" /><testcase classname="tests.test_freeze_fix" name="test_charting_source_no_losses_box_engine_on_both" time="0.001" /></testsuite></testsuites>