<?xml version="1.0" encoding="utf-8"?><testsuites name="pytest tests"><testsuite name="pytest" errors="0" failures="0" skipped="0" tests="23" time="7.378" timestamp="2026-08-24T04:10:21.744819+06:00" hostname="agent-env-552a458d-8eae-4f85-ba6d-ee2622970247"><testcase classname="tests.test_freeze_fix_r2" name="test_module_imports_and_bytecompiles[bot]" time="3.456" /><testcase classname="tests.test_freeze_fix_r2" name="test_module_imports_and_bytecompiles[start]" time="0.003" /><testcase classname="tests.test_freeze_fix_r2" name="test_module_imports_and_bytecompiles[qx]" time="0.001" /><testcase classname="tests.test_freeze_fix_r2" name="test_module_imports_and_bytecompiles[pyquotex.api]" time="0.003" /><testcase classname="tests.test_freeze_fix_r2" name="test_module_imports_and_bytecompiles[pyquotex.stable_api]" time="0.005" /><testcase classname="tests.test_freeze_fix_r2" name="test_module_imports_and_bytecompiles[pyquotex.http.login]" time="0.002" /><testcase classname="tests.test_freeze_fix_r2" name="test_module_imports_and_bytecompiles[pyquotex.http.navigator]" time="0.001" /><testcase classname="tests.test_freeze_fix_r2" name="test_default_http_timeout_constant" time="0.000" /><testcase classname="tests.test_freeze_fix_r2" name="test_send_request_applies_default_timeout_on_get" time="0.021" /><testcase classname="tests.test_freeze_fix_r2" name="test_send_request_applies_default_timeout_on_post" time="0.020" /><testcase classname="tests.test_freeze_fix_r2" name="test_send_request_default_timeout_when_headers_passed" time="0.020" /><testcase classname="tests.test_freeze_fix_r2" name="test_send_request_respects_caller_supplied_timeout" time="0.021" /><testcase classname="tests.test_freeze_fix_r2" name="test_login_call_offloads_get_token_and_get_profile" time="0.805" /><testcase classname="tests.test_freeze_fix_r2" name="test_login_post_offloads_send_request" time="1.406" /><testcase classname="tests.test_freeze_fix_r2" name="test_login_source_uses_run_in_executor" time="0.000" /><testcase classname="tests.test_freeze_fix_r2" name="test_awaiting_pin_raises_when_stdin_missing" time="0.001" /><testcase classname="tests.test_freeze_fix_r2" name="test_awaiting_pin_raises_when_stdin_not_a_tty" time="0.001" /><testcase classname="tests.test_freeze_fix_r2" name="test_awaiting_pin_uses_input_when_tty" time="1.002" /><testcase classname="tests.test_freeze_fix_r2" name="test_heartbeat_task_advances_timestamp" time="0.152" /><testcase classname="tests.test_freeze_fix_r2" name="test_hard_watchdog_exits_on_blocked_loop" time="0.055" /><testcase classname="tests.test_freeze_fix_r2" name="test_hard_watchdog_does_not_exit_when_fresh" time="0.303" /><testcase classname="tests.test_freeze_fix_r2" name="test_post_init_starts_heartbeat_watchdog_and_hard_watchdog_thread" time="0.051" /><testcase classname="tests.test_freeze_fix_r2" name="test_cmd_start_does_not_touch_quotex" time="0.001" /></testsuite></testsuites>